<?xml version="1.0" encoding="utf-8" standalone="no"?>
<!--This file represents the results of running a test suite-->
<test-results name="C:\prg\capoccione\build\Capoccione.Test.dll" total="1" errors="0" failures="0" not-run="0" inconclusive="0" ignored="0" skipped="0" invalid="0" date="2015-05-30" time="06:51:25">
  <environment nunit-version="2.6.4.14350" clr-version="2.0.50727.4927" os-version="Microsoft Windows NT 6.1.7600.0" platform="Win32NT" cwd="C:\prg\capoccione" machine-name="JOHN-PC" user="John" user-domain="John-PC" />
  <culture-info current-culture="it-IT" current-uiculture="en-US" />
  <test-suite type="Assembly" name="C:\prg\capoccione\build\Capoccione.Test.dll" executed="True" result="Success" success="True" time="0.145" asserts="0">
    <results>
      <test-suite type="Namespace" name="Capoccione" executed="True" result="Success" success="True" time="0.112" asserts="0">
        <results>
          <test-suite type="Namespace" name="Test" executed="True" result="Success" success="True" time="0.102" asserts="0">
            <results>
              <test-suite type="TestFixture" name="Class1" executed="True" result="Success" success="True" time="0.093" asserts="0">
                <results>
                  <test-case name="Capoccione.Test.Class1.Should_pass" executed="True" result="Success" success="True" time="0.066" asserts="0" />
                </results>
              </test-suite>
            </results>
          </test-suite>
        </results>
      </test-suite>
    </results>
  </test-suite>
</test-results>